{"message":"Route found for /_default/ : {\"controller\":\"controllers\\\\IndexController\",\"action\":\"index\",\"mainParams\":null}","context":{"context":"Router","part":"getRouteUrlParts","extra":null},"level":200,"level_name":"INFO","channel":"s623c69e3624e6","datetime":"2022-03-24T13:54:05.787750+01:00","extra":{}}
{"message":"Route found for /_default/ : {\"controller\":\"controllers\\\\IndexController\",\"action\":\"index\",\"mainParams\":null}","context":{"context":"Router","part":"getRouteUrlParts","extra":null},"level":200,"level_name":"INFO","channel":"s623c69e3624e6","datetime":"2022-03-24T13:59:18.673218+01:00","extra":{}}
{"message":"SQLSTATE[HY000] [2002] Aucune connexion n’a pu être établie car l’ordinateur cible l’a expressément refusée","context":{"context":"DAO","part":null,"extra":null},"level":400,"level_name":"ERROR","channel":"s623c69e3624e6","datetime":"2022-03-24T13:59:26.381707+01:00","extra":{}}
{"message":"SQLSTATE[HY000] [2002] Aucune connexion n’a pu être établie car l’ordinateur cible l’a expressément refusée","context":{"context":"DAO","part":null,"extra":null},"level":400,"level_name":"ERROR","channel":"s623c69e3624e6","datetime":"2022-03-24T13:59:40.634891+01:00","extra":{}}
{"message":"SQLSTATE[HY000] [1049] Unknown database 'newbase'","context":{"context":"DAO","part":null,"extra":null},"level":400,"level_name":"ERROR","channel":"s623c69e3624e6","datetime":"2022-03-24T13:59:47.486735+01:00","extra":{}}
{"message":"SQLSTATE[HY000] [1049] Unknown database 'newbase'","context":{"context":"DAO","part":null,"extra":null},"level":400,"level_name":"ERROR","channel":"s623c69e3624e6","datetime":"2022-03-24T13:59:57.661663+01:00","extra":{}}
{"message":"Start transaction","context":{"context":"Transactions","part":"beginTransaction","extra":null},"level":200,"level_name":"INFO","channel":"s623c69e3624e6","datetime":"2022-03-24T13:59:57.835488+01:00","extra":{}}
{"message":"Route found for /_default/ : {\"controller\":\"controllers\\\\IndexController\",\"action\":\"index\",\"mainParams\":null}","context":{"context":"Router","part":"getRouteUrlParts","extra":null},"level":200,"level_name":"INFO","channel":"s623c69e3624e6","datetime":"2022-03-24T13:59:58.385116+01:00","extra":{}}
{"message":"Route found for /_default/ : {\"controller\":\"controllers\\\\IndexController\",\"action\":\"index\",\"mainParams\":null}","context":{"context":"Router","part":"getRouteUrlParts","extra":null},"level":200,"level_name":"INFO","channel":"s623c69e3624e6","datetime":"2022-03-24T14:00:38.744149+01:00","extra":{}}
{"message":"SELECT COUNT(*) FROM `basket`","context":{"context":"Database","part":"prepareAndFetchColumn","extra":null},"level":200,"level_name":"INFO","channel":"s623c69e3624e6","datetime":"2022-03-24T14:00:42.514900+01:00","extra":{}}
{"message":"SELECT COUNT(*) FROM `basketdetail`","context":{"context":"Database","part":"prepareAndFetchColumn","extra":null},"level":200,"level_name":"INFO","channel":"s623c69e3624e6","datetime":"2022-03-24T14:00:42.516538+01:00","extra":{}}
{"message":"SELECT COUNT(*) FROM `employee`","context":{"context":"Database","part":"prepareAndFetchColumn","extra":null},"level":200,"level_name":"INFO","channel":"s623c69e3624e6","datetime":"2022-03-24T14:00:42.517002+01:00","extra":{}}
{"message":"SELECT COUNT(*) FROM `order`","context":{"context":"Database","part":"prepareAndFetchColumn","extra":null},"level":200,"level_name":"INFO","channel":"s623c69e3624e6","datetime":"2022-03-24T14:00:42.517702+01:00","extra":{}}
{"message":"SELECT COUNT(*) FROM `orderdetail`","context":{"context":"Database","part":"prepareAndFetchColumn","extra":null},"level":200,"level_name":"INFO","channel":"s623c69e3624e6","datetime":"2022-03-24T14:00:42.518690+01:00","extra":{}}
{"message":"SELECT COUNT(*) FROM `product`","context":{"context":"Database","part":"prepareAndFetchColumn","extra":null},"level":200,"level_name":"INFO","channel":"s623c69e3624e6","datetime":"2022-03-24T14:00:42.519575+01:00","extra":{}}
{"message":"SELECT COUNT(*) FROM `section`","context":{"context":"Database","part":"prepareAndFetchColumn","extra":null},"level":200,"level_name":"INFO","channel":"s623c69e3624e6","datetime":"2022-03-24T14:00:42.519988+01:00","extra":{}}
{"message":"SELECT COUNT(*) FROM `slot`","context":{"context":"Database","part":"prepareAndFetchColumn","extra":null},"level":200,"level_name":"INFO","channel":"s623c69e3624e6","datetime":"2022-03-24T14:00:42.520438+01:00","extra":{}}
{"message":"SELECT COUNT(*) FROM `timeslot`","context":{"context":"Database","part":"prepareAndFetchColumn","extra":null},"level":200,"level_name":"INFO","channel":"s623c69e3624e6","datetime":"2022-03-24T14:00:42.521041+01:00","extra":{}}
{"message":"SELECT COUNT(*) FROM `user`","context":{"context":"Database","part":"prepareAndFetchColumn","extra":null},"level":200,"level_name":"INFO","channel":"s623c69e3624e6","datetime":"2022-03-24T14:00:42.521430+01:00","extra":{}}
{"message":"SELECT COUNT(*) FROM `basket`","context":{"context":"Database","part":"prepareAndFetchColumn","extra":null},"level":200,"level_name":"INFO","channel":"s623c69e3624e6","datetime":"2022-03-24T14:03:35.939554+01:00","extra":{}}
{"message":"SELECT COUNT(*) FROM `basketdetail`","context":{"context":"Database","part":"prepareAndFetchColumn","extra":null},"level":200,"level_name":"INFO","channel":"s623c69e3624e6","datetime":"2022-03-24T14:03:35.941193+01:00","extra":{}}
{"message":"SELECT COUNT(*) FROM `employee`","context":{"context":"Database","part":"prepareAndFetchColumn","extra":null},"level":200,"level_name":"INFO","channel":"s623c69e3624e6","datetime":"2022-03-24T14:03:35.941587+01:00","extra":{}}
{"message":"SELECT COUNT(*) FROM `order`","context":{"context":"Database","part":"prepareAndFetchColumn","extra":null},"level":200,"level_name":"INFO","channel":"s623c69e3624e6","datetime":"2022-03-24T14:03:35.942071+01:00","extra":{}}
{"message":"SELECT COUNT(*) FROM `orderdetail`","context":{"context":"Database","part":"prepareAndFetchColumn","extra":null},"level":200,"level_name":"INFO","channel":"s623c69e3624e6","datetime":"2022-03-24T14:03:35.942410+01:00","extra":{}}
{"message":"SELECT COUNT(*) FROM `product`","context":{"context":"Database","part":"prepareAndFetchColumn","extra":null},"level":200,"level_name":"INFO","channel":"s623c69e3624e6","datetime":"2022-03-24T14:03:35.942858+01:00","extra":{}}
{"message":"SELECT COUNT(*) FROM `section`","context":{"context":"Database","part":"prepareAndFetchColumn","extra":null},"level":200,"level_name":"INFO","channel":"s623c69e3624e6","datetime":"2022-03-24T14:03:35.943199+01:00","extra":{}}
{"message":"SELECT COUNT(*) FROM `slot`","context":{"context":"Database","part":"prepareAndFetchColumn","extra":null},"level":200,"level_name":"INFO","channel":"s623c69e3624e6","datetime":"2022-03-24T14:03:35.943519+01:00","extra":{}}
{"message":"SELECT COUNT(*) FROM `timeslot`","context":{"context":"Database","part":"prepareAndFetchColumn","extra":null},"level":200,"level_name":"INFO","channel":"s623c69e3624e6","datetime":"2022-03-24T14:03:35.943847+01:00","extra":{}}
{"message":"SELECT COUNT(*) FROM `user`","context":{"context":"Database","part":"prepareAndFetchColumn","extra":null},"level":200,"level_name":"INFO","channel":"s623c69e3624e6","datetime":"2022-03-24T14:03:35.944168+01:00","extra":{}}
{"message":"SELECT COUNT(*) FROM `basket`","context":{"context":"Database","part":"prepareAndFetchColumn","extra":null},"level":200,"level_name":"INFO","channel":"s623c69e3624e6","datetime":"2022-03-24T14:09:32.570035+01:00","extra":{}}
{"message":"SELECT COUNT(*) FROM `basketdetail`","context":{"context":"Database","part":"prepareAndFetchColumn","extra":null},"level":200,"level_name":"INFO","channel":"s623c69e3624e6","datetime":"2022-03-24T14:09:32.572790+01:00","extra":{}}
{"message":"SELECT COUNT(*) FROM `employee`","context":{"context":"Database","part":"prepareAndFetchColumn","extra":null},"level":200,"level_name":"INFO","channel":"s623c69e3624e6","datetime":"2022-03-24T14:09:32.573548+01:00","extra":{}}
{"message":"SELECT COUNT(*) FROM `order`","context":{"context":"Database","part":"prepareAndFetchColumn","extra":null},"level":200,"level_name":"INFO","channel":"s623c69e3624e6","datetime":"2022-03-24T14:09:32.574479+01:00","extra":{}}
{"message":"SELECT COUNT(*) FROM `orderdetail`","context":{"context":"Database","part":"prepareAndFetchColumn","extra":null},"level":200,"level_name":"INFO","channel":"s623c69e3624e6","datetime":"2022-03-24T14:09:32.575333+01:00","extra":{}}
{"message":"SELECT COUNT(*) FROM `product`","context":{"context":"Database","part":"prepareAndFetchColumn","extra":null},"level":200,"level_name":"INFO","channel":"s623c69e3624e6","datetime":"2022-03-24T14:09:32.576046+01:00","extra":{}}
{"message":"SELECT COUNT(*) FROM `section`","context":{"context":"Database","part":"prepareAndFetchColumn","extra":null},"level":200,"level_name":"INFO","channel":"s623c69e3624e6","datetime":"2022-03-24T14:09:32.576683+01:00","extra":{}}
{"message":"SELECT COUNT(*) FROM `slot`","context":{"context":"Database","part":"prepareAndFetchColumn","extra":null},"level":200,"level_name":"INFO","channel":"s623c69e3624e6","datetime":"2022-03-24T14:09:32.577278+01:00","extra":{}}
{"message":"SELECT COUNT(*) FROM `timeslot`","context":{"context":"Database","part":"prepareAndFetchColumn","extra":null},"level":200,"level_name":"INFO","channel":"s623c69e3624e6","datetime":"2022-03-24T14:09:32.577798+01:00","extra":{}}
{"message":"SELECT COUNT(*) FROM `user`","context":{"context":"Database","part":"prepareAndFetchColumn","extra":null},"level":200,"level_name":"INFO","channel":"s623c69e3624e6","datetime":"2022-03-24T14:09:32.578413+01:00","extra":{}}
{"message":"Route found for /_default/ : {\"controller\":\"controllers\\\\IndexController\",\"action\":\"index\",\"mainParams\":null}","context":{"context":"Router","part":"getRouteUrlParts","extra":null},"level":200,"level_name":"INFO","channel":"s623c69e3624e6","datetime":"2022-03-24T14:09:32.945096+01:00","extra":{}}
{"message":"SELECT COUNT(*) FROM `basket`","context":{"context":"Database","part":"prepareAndFetchColumn","extra":null},"level":200,"level_name":"INFO","channel":"s623c69e3624e6","datetime":"2022-03-24T14:10:12.606766+01:00","extra":{}}
{"message":"SELECT COUNT(*) FROM `basketdetail`","context":{"context":"Database","part":"prepareAndFetchColumn","extra":null},"level":200,"level_name":"INFO","channel":"s623c69e3624e6","datetime":"2022-03-24T14:10:12.609320+01:00","extra":{}}
{"message":"SELECT COUNT(*) FROM `employee`","context":{"context":"Database","part":"prepareAndFetchColumn","extra":null},"level":200,"level_name":"INFO","channel":"s623c69e3624e6","datetime":"2022-03-24T14:10:12.610175+01:00","extra":{}}
{"message":"SELECT COUNT(*) FROM `order`","context":{"context":"Database","part":"prepareAndFetchColumn","extra":null},"level":200,"level_name":"INFO","channel":"s623c69e3624e6","datetime":"2022-03-24T14:10:12.611040+01:00","extra":{}}
{"message":"SELECT COUNT(*) FROM `orderdetail`","context":{"context":"Database","part":"prepareAndFetchColumn","extra":null},"level":200,"level_name":"INFO","channel":"s623c69e3624e6","datetime":"2022-03-24T14:10:12.611782+01:00","extra":{}}
{"message":"SELECT COUNT(*) FROM `product`","context":{"context":"Database","part":"prepareAndFetchColumn","extra":null},"level":200,"level_name":"INFO","channel":"s623c69e3624e6","datetime":"2022-03-24T14:10:12.612578+01:00","extra":{}}
{"message":"SELECT COUNT(*) FROM `section`","context":{"context":"Database","part":"prepareAndFetchColumn","extra":null},"level":200,"level_name":"INFO","channel":"s623c69e3624e6","datetime":"2022-03-24T14:10:12.613285+01:00","extra":{}}
{"message":"SELECT COUNT(*) FROM `slot`","context":{"context":"Database","part":"prepareAndFetchColumn","extra":null},"level":200,"level_name":"INFO","channel":"s623c69e3624e6","datetime":"2022-03-24T14:10:12.613961+01:00","extra":{}}
{"message":"SELECT COUNT(*) FROM `timeslot`","context":{"context":"Database","part":"prepareAndFetchColumn","extra":null},"level":200,"level_name":"INFO","channel":"s623c69e3624e6","datetime":"2022-03-24T14:10:12.614595+01:00","extra":{}}
{"message":"SELECT COUNT(*) FROM `user`","context":{"context":"Database","part":"prepareAndFetchColumn","extra":null},"level":200,"level_name":"INFO","channel":"s623c69e3624e6","datetime":"2022-03-24T14:10:12.615592+01:00","extra":{}}
{"message":"Route found for /_default/ : {\"controller\":\"controllers\\\\IndexController\",\"action\":\"index\",\"mainParams\":null}","context":{"context":"Router","part":"getRouteUrlParts","extra":null},"level":200,"level_name":"INFO","channel":"s623c69e3624e6","datetime":"2022-03-24T14:10:13.054665+01:00","extra":{}}
{"message":"SELECT COUNT(*) FROM `basket`","context":{"context":"Database","part":"prepareAndFetchColumn","extra":null},"level":200,"level_name":"INFO","channel":"s623c69e3624e6","datetime":"2022-03-24T14:10:43.122844+01:00","extra":{}}
{"message":"SELECT COUNT(*) FROM `basketdetail`","context":{"context":"Database","part":"prepareAndFetchColumn","extra":null},"level":200,"level_name":"INFO","channel":"s623c69e3624e6","datetime":"2022-03-24T14:10:43.124909+01:00","extra":{}}
{"message":"SELECT COUNT(*) FROM `employee`","context":{"context":"Database","part":"prepareAndFetchColumn","extra":null},"level":200,"level_name":"INFO","channel":"s623c69e3624e6","datetime":"2022-03-24T14:10:43.125372+01:00","extra":{}}
{"message":"SELECT COUNT(*) FROM `order`","context":{"context":"Database","part":"prepareAndFetchColumn","extra":null},"level":200,"level_name":"INFO","channel":"s623c69e3624e6","datetime":"2022-03-24T14:10:43.125806+01:00","extra":{}}
{"message":"SELECT COUNT(*) FROM `orderdetail`","context":{"context":"Database","part":"prepareAndFetchColumn","extra":null},"level":200,"level_name":"INFO","channel":"s623c69e3624e6","datetime":"2022-03-24T14:10:43.126216+01:00","extra":{}}
{"message":"SELECT COUNT(*) FROM `product`","context":{"context":"Database","part":"prepareAndFetchColumn","extra":null},"level":200,"level_name":"INFO","channel":"s623c69e3624e6","datetime":"2022-03-24T14:10:43.126830+01:00","extra":{}}
{"message":"SELECT COUNT(*) FROM `section`","context":{"context":"Database","part":"prepareAndFetchColumn","extra":null},"level":200,"level_name":"INFO","channel":"s623c69e3624e6","datetime":"2022-03-24T14:10:43.127284+01:00","extra":{}}
{"message":"SELECT COUNT(*) FROM `slot`","context":{"context":"Database","part":"prepareAndFetchColumn","extra":null},"level":200,"level_name":"INFO","channel":"s623c69e3624e6","datetime":"2022-03-24T14:10:43.127741+01:00","extra":{}}
{"message":"SELECT COUNT(*) FROM `timeslot`","context":{"context":"Database","part":"prepareAndFetchColumn","extra":null},"level":200,"level_name":"INFO","channel":"s623c69e3624e6","datetime":"2022-03-24T14:10:43.128457+01:00","extra":{}}
{"message":"SELECT COUNT(*) FROM `user`","context":{"context":"Database","part":"prepareAndFetchColumn","extra":null},"level":200,"level_name":"INFO","channel":"s623c69e3624e6","datetime":"2022-03-24T14:10:43.129028+01:00","extra":{}}
{"message":"Route found for /_default/ : {\"controller\":\"controllers\\\\IndexController\",\"action\":\"index\",\"mainParams\":null}","context":{"context":"Router","part":"getRouteUrlParts","extra":null},"level":200,"level_name":"INFO","channel":"s623c69e3624e6","datetime":"2022-03-24T14:10:43.498485+01:00","extra":{}}
{"message":"SELECT COUNT(*) FROM `basket`","context":{"context":"Database","part":"prepareAndFetchColumn","extra":null},"level":200,"level_name":"INFO","channel":"s623c69e3624e6","datetime":"2022-03-24T14:11:59.037596+01:00","extra":{}}
{"message":"SELECT COUNT(*) FROM `basketdetail`","context":{"context":"Database","part":"prepareAndFetchColumn","extra":null},"level":200,"level_name":"INFO","channel":"s623c69e3624e6","datetime":"2022-03-24T14:11:59.039166+01:00","extra":{}}
{"message":"SELECT COUNT(*) FROM `employee`","context":{"context":"Database","part":"prepareAndFetchColumn","extra":null},"level":200,"level_name":"INFO","channel":"s623c69e3624e6","datetime":"2022-03-24T14:11:59.039561+01:00","extra":{}}
{"message":"SELECT COUNT(*) FROM `order`","context":{"context":"Database","part":"prepareAndFetchColumn","extra":null},"level":200,"level_name":"INFO","channel":"s623c69e3624e6","datetime":"2022-03-24T14:11:59.039956+01:00","extra":{}}
{"message":"SELECT COUNT(*) FROM `orderdetail`","context":{"context":"Database","part":"prepareAndFetchColumn","extra":null},"level":200,"level_name":"INFO","channel":"s623c69e3624e6","datetime":"2022-03-24T14:11:59.040395+01:00","extra":{}}
{"message":"SELECT COUNT(*) FROM `product`","context":{"context":"Database","part":"prepareAndFetchColumn","extra":null},"level":200,"level_name":"INFO","channel":"s623c69e3624e6","datetime":"2022-03-24T14:11:59.040968+01:00","extra":{}}
{"message":"SELECT COUNT(*) FROM `section`","context":{"context":"Database","part":"prepareAndFetchColumn","extra":null},"level":200,"level_name":"INFO","channel":"s623c69e3624e6","datetime":"2022-03-24T14:11:59.041548+01:00","extra":{}}
{"message":"SELECT COUNT(*) FROM `slot`","context":{"context":"Database","part":"prepareAndFetchColumn","extra":null},"level":200,"level_name":"INFO","channel":"s623c69e3624e6","datetime":"2022-03-24T14:11:59.042579+01:00","extra":{}}
{"message":"SELECT COUNT(*) FROM `timeslot`","context":{"context":"Database","part":"prepareAndFetchColumn","extra":null},"level":200,"level_name":"INFO","channel":"s623c69e3624e6","datetime":"2022-03-24T14:11:59.043585+01:00","extra":{}}
{"message":"SELECT COUNT(*) FROM `user`","context":{"context":"Database","part":"prepareAndFetchColumn","extra":null},"level":200,"level_name":"INFO","channel":"s623c69e3624e6","datetime":"2022-03-24T14:11:59.044348+01:00","extra":{}}
{"message":"Route found for /_default/ : {\"controller\":\"controllers\\\\IndexController\",\"action\":\"index\",\"mainParams\":null}","context":{"context":"Router","part":"getRouteUrlParts","extra":null},"level":200,"level_name":"INFO","channel":"s623c69e3624e6","datetime":"2022-03-24T14:11:59.386141+01:00","extra":{}}
{"message":"SELECT COUNT(*) FROM `basket`","context":{"context":"Database","part":"prepareAndFetchColumn","extra":null},"level":200,"level_name":"INFO","channel":"s623c69e3624e6","datetime":"2022-03-24T14:13:13.131207+01:00","extra":{}}
{"message":"SELECT COUNT(*) FROM `basketdetail`","context":{"context":"Database","part":"prepareAndFetchColumn","extra":null},"level":200,"level_name":"INFO","channel":"s623c69e3624e6","datetime":"2022-03-24T14:13:13.133089+01:00","extra":{}}
{"message":"SELECT COUNT(*) FROM `employee`","context":{"context":"Database","part":"prepareAndFetchColumn","extra":null},"level":200,"level_name":"INFO","channel":"s623c69e3624e6","datetime":"2022-03-24T14:13:13.133822+01:00","extra":{}}
{"message":"SELECT COUNT(*) FROM `order`","context":{"context":"Database","part":"prepareAndFetchColumn","extra":null},"level":200,"level_name":"INFO","channel":"s623c69e3624e6","datetime":"2022-03-24T14:13:13.134570+01:00","extra":{}}
{"message":"SELECT COUNT(*) FROM `orderdetail`","context":{"context":"Database","part":"prepareAndFetchColumn","extra":null},"level":200,"level_name":"INFO","channel":"s623c69e3624e6","datetime":"2022-03-24T14:13:13.135185+01:00","extra":{}}
{"message":"SELECT COUNT(*) FROM `product`","context":{"context":"Database","part":"prepareAndFetchColumn","extra":null},"level":200,"level_name":"INFO","channel":"s623c69e3624e6","datetime":"2022-03-24T14:13:13.135753+01:00","extra":{}}
{"message":"SELECT COUNT(*) FROM `section`","context":{"context":"Database","part":"prepareAndFetchColumn","extra":null},"level":200,"level_name":"INFO","channel":"s623c69e3624e6","datetime":"2022-03-24T14:13:13.136160+01:00","extra":{}}
{"message":"SELECT COUNT(*) FROM `slot`","context":{"context":"Database","part":"prepareAndFetchColumn","extra":null},"level":200,"level_name":"INFO","channel":"s623c69e3624e6","datetime":"2022-03-24T14:13:13.136601+01:00","extra":{}}
{"message":"SELECT COUNT(*) FROM `timeslot`","context":{"context":"Database","part":"prepareAndFetchColumn","extra":null},"level":200,"level_name":"INFO","channel":"s623c69e3624e6","datetime":"2022-03-24T14:13:13.137137+01:00","extra":{}}
{"message":"SELECT COUNT(*) FROM `user`","context":{"context":"Database","part":"prepareAndFetchColumn","extra":null},"level":200,"level_name":"INFO","channel":"s623c69e3624e6","datetime":"2022-03-24T14:13:13.137962+01:00","extra":{}}
{"message":"Route found for /_default/ : {\"controller\":\"controllers\\\\IndexController\",\"action\":\"index\",\"mainParams\":null}","context":{"context":"Router","part":"getRouteUrlParts","extra":null},"level":200,"level_name":"INFO","channel":"s623c69e3624e6","datetime":"2022-03-24T14:13:13.531596+01:00","extra":{}}
{"message":"SELECT COUNT(*) FROM `basket`","context":{"context":"Database","part":"prepareAndFetchColumn","extra":null},"level":200,"level_name":"INFO","channel":"s623c69e3624e6","datetime":"2022-03-24T14:13:17.776478+01:00","extra":{}}
{"message":"SELECT COUNT(*) FROM `basketdetail`","context":{"context":"Database","part":"prepareAndFetchColumn","extra":null},"level":200,"level_name":"INFO","channel":"s623c69e3624e6","datetime":"2022-03-24T14:13:17.777851+01:00","extra":{}}
{"message":"SELECT COUNT(*) FROM `employee`","context":{"context":"Database","part":"prepareAndFetchColumn","extra":null},"level":200,"level_name":"INFO","channel":"s623c69e3624e6","datetime":"2022-03-24T14:13:17.778237+01:00","extra":{}}
{"message":"SELECT COUNT(*) FROM `order`","context":{"context":"Database","part":"prepareAndFetchColumn","extra":null},"level":200,"level_name":"INFO","channel":"s623c69e3624e6","datetime":"2022-03-24T14:13:17.778632+01:00","extra":{}}
{"message":"SELECT COUNT(*) FROM `orderdetail`","context":{"context":"Database","part":"prepareAndFetchColumn","extra":null},"level":200,"level_name":"INFO","channel":"s623c69e3624e6","datetime":"2022-03-24T14:13:17.778999+01:00","extra":{}}
{"message":"SELECT COUNT(*) FROM `product`","context":{"context":"Database","part":"prepareAndFetchColumn","extra":null},"level":200,"level_name":"INFO","channel":"s623c69e3624e6","datetime":"2022-03-24T14:13:17.779428+01:00","extra":{}}
{"message":"SELECT COUNT(*) FROM `section`","context":{"context":"Database","part":"prepareAndFetchColumn","extra":null},"level":200,"level_name":"INFO","channel":"s623c69e3624e6","datetime":"2022-03-24T14:13:17.779767+01:00","extra":{}}
{"message":"SELECT COUNT(*) FROM `slot`","context":{"context":"Database","part":"prepareAndFetchColumn","extra":null},"level":200,"level_name":"INFO","channel":"s623c69e3624e6","datetime":"2022-03-24T14:13:17.780110+01:00","extra":{}}
{"message":"SELECT COUNT(*) FROM `timeslot`","context":{"context":"Database","part":"prepareAndFetchColumn","extra":null},"level":200,"level_name":"INFO","channel":"s623c69e3624e6","datetime":"2022-03-24T14:13:17.780471+01:00","extra":{}}
{"message":"SELECT COUNT(*) FROM `user`","context":{"context":"Database","part":"prepareAndFetchColumn","extra":null},"level":200,"level_name":"INFO","channel":"s623c69e3624e6","datetime":"2022-03-24T14:13:17.780991+01:00","extra":{}}
{"message":"Route found for /_default/ : {\"controller\":\"controllers\\\\IndexController\",\"action\":\"index\",\"mainParams\":null}","context":{"context":"Router","part":"getRouteUrlParts","extra":null},"level":200,"level_name":"INFO","channel":"s623c69e3624e6","datetime":"2022-03-24T14:13:18.111469+01:00","extra":{}}
{"message":"SELECT COUNT(*) FROM `basket`","context":{"context":"Database","part":"prepareAndFetchColumn","extra":null},"level":200,"level_name":"INFO","channel":"s623c69e3624e6","datetime":"2022-03-24T14:13:42.450868+01:00","extra":{}}
{"message":"SELECT COUNT(*) FROM `basketdetail`","context":{"context":"Database","part":"prepareAndFetchColumn","extra":null},"level":200,"level_name":"INFO","channel":"s623c69e3624e6","datetime":"2022-03-24T14:13:42.454329+01:00","extra":{}}
{"message":"SELECT COUNT(*) FROM `employee`","context":{"context":"Database","part":"prepareAndFetchColumn","extra":null},"level":200,"level_name":"INFO","channel":"s623c69e3624e6","datetime":"2022-03-24T14:13:42.455100+01:00","extra":{}}
{"message":"SELECT COUNT(*) FROM `order`","context":{"context":"Database","part":"prepareAndFetchColumn","extra":null},"level":200,"level_name":"INFO","channel":"s623c69e3624e6","datetime":"2022-03-24T14:13:42.455778+01:00","extra":{}}
{"message":"SELECT COUNT(*) FROM `orderdetail`","context":{"context":"Database","part":"prepareAndFetchColumn","extra":null},"level":200,"level_name":"INFO","channel":"s623c69e3624e6","datetime":"2022-03-24T14:13:42.456310+01:00","extra":{}}
{"message":"SELECT COUNT(*) FROM `product`","context":{"context":"Database","part":"prepareAndFetchColumn","extra":null},"level":200,"level_name":"INFO","channel":"s623c69e3624e6","datetime":"2022-03-24T14:13:42.456966+01:00","extra":{}}
{"message":"SELECT COUNT(*) FROM `section`","context":{"context":"Database","part":"prepareAndFetchColumn","extra":null},"level":200,"level_name":"INFO","channel":"s623c69e3624e6","datetime":"2022-03-24T14:13:42.457441+01:00","extra":{}}
{"message":"SELECT COUNT(*) FROM `slot`","context":{"context":"Database","part":"prepareAndFetchColumn","extra":null},"level":200,"level_name":"INFO","channel":"s623c69e3624e6","datetime":"2022-03-24T14:13:42.457881+01:00","extra":{}}
{"message":"SELECT COUNT(*) FROM `timeslot`","context":{"context":"Database","part":"prepareAndFetchColumn","extra":null},"level":200,"level_name":"INFO","channel":"s623c69e3624e6","datetime":"2022-03-24T14:13:42.458337+01:00","extra":{}}
{"message":"SELECT COUNT(*) FROM `user`","context":{"context":"Database","part":"prepareAndFetchColumn","extra":null},"level":200,"level_name":"INFO","channel":"s623c69e3624e6","datetime":"2022-03-24T14:13:42.458830+01:00","extra":{}}
{"message":"Route found for /_default/ : {\"controller\":\"controllers\\\\IndexController\",\"action\":\"index\",\"mainParams\":null}","context":{"context":"Router","part":"getRouteUrlParts","extra":null},"level":200,"level_name":"INFO","channel":"s623c69e3624e6","datetime":"2022-03-24T14:13:42.821337+01:00","extra":{}}
{"message":"SELECT COUNT(*) FROM `basket`","context":{"context":"Database","part":"prepareAndFetchColumn","extra":null},"level":200,"level_name":"INFO","channel":"s623c69e3624e6","datetime":"2022-03-24T14:15:27.278671+01:00","extra":{}}
{"message":"SELECT COUNT(*) FROM `basketdetail`","context":{"context":"Database","part":"prepareAndFetchColumn","extra":null},"level":200,"level_name":"INFO","channel":"s623c69e3624e6","datetime":"2022-03-24T14:15:27.282402+01:00","extra":{}}
{"message":"SELECT COUNT(*) FROM `employee`","context":{"context":"Database","part":"prepareAndFetchColumn","extra":null},"level":200,"level_name":"INFO","channel":"s623c69e3624e6","datetime":"2022-03-24T14:15:27.283240+01:00","extra":{}}
{"message":"SELECT COUNT(*) FROM `order`","context":{"context":"Database","part":"prepareAndFetchColumn","extra":null},"level":200,"level_name":"INFO","channel":"s623c69e3624e6","datetime":"2022-03-24T14:15:27.284137+01:00","extra":{}}
{"message":"SELECT COUNT(*) FROM `orderdetail`","context":{"context":"Database","part":"prepareAndFetchColumn","extra":null},"level":200,"level_name":"INFO","channel":"s623c69e3624e6","datetime":"2022-03-24T14:15:27.285487+01:00","extra":{}}
{"message":"SELECT COUNT(*) FROM `product`","context":{"context":"Database","part":"prepareAndFetchColumn","extra":null},"level":200,"level_name":"INFO","channel":"s623c69e3624e6","datetime":"2022-03-24T14:15:27.286859+01:00","extra":{}}
{"message":"SELECT COUNT(*) FROM `section`","context":{"context":"Database","part":"prepareAndFetchColumn","extra":null},"level":200,"level_name":"INFO","channel":"s623c69e3624e6","datetime":"2022-03-24T14:15:27.287903+01:00","extra":{}}
{"message":"SELECT COUNT(*) FROM `slot`","context":{"context":"Database","part":"prepareAndFetchColumn","extra":null},"level":200,"level_name":"INFO","channel":"s623c69e3624e6","datetime":"2022-03-24T14:15:27.288959+01:00","extra":{}}
{"message":"SELECT COUNT(*) FROM `timeslot`","context":{"context":"Database","part":"prepareAndFetchColumn","extra":null},"level":200,"level_name":"INFO","channel":"s623c69e3624e6","datetime":"2022-03-24T14:15:27.289894+01:00","extra":{}}
{"message":"SELECT COUNT(*) FROM `user`","context":{"context":"Database","part":"prepareAndFetchColumn","extra":null},"level":200,"level_name":"INFO","channel":"s623c69e3624e6","datetime":"2022-03-24T14:15:27.290468+01:00","extra":{}}
{"message":"Route found for /_default/ : {\"controller\":\"controllers\\\\IndexController\",\"action\":\"index\",\"mainParams\":null}","context":{"context":"Router","part":"getRouteUrlParts","extra":null},"level":200,"level_name":"INFO","channel":"s623c69e3624e6","datetime":"2022-03-24T14:15:27.697548+01:00","extra":{}}
{"message":"SELECT COUNT(*) FROM `basket`","context":{"context":"Database","part":"prepareAndFetchColumn","extra":null},"level":200,"level_name":"INFO","channel":"s623c69e3624e6","datetime":"2022-03-24T14:15:54.396010+01:00","extra":{}}
{"message":"SELECT COUNT(*) FROM `basketdetail`","context":{"context":"Database","part":"prepareAndFetchColumn","extra":null},"level":200,"level_name":"INFO","channel":"s623c69e3624e6","datetime":"2022-03-24T14:15:54.397673+01:00","extra":{}}
{"message":"SELECT COUNT(*) FROM `employee`","context":{"context":"Database","part":"prepareAndFetchColumn","extra":null},"level":200,"level_name":"INFO","channel":"s623c69e3624e6","datetime":"2022-03-24T14:15:54.398384+01:00","extra":{}}
{"message":"SELECT COUNT(*) FROM `order`","context":{"context":"Database","part":"prepareAndFetchColumn","extra":null},"level":200,"level_name":"INFO","channel":"s623c69e3624e6","datetime":"2022-03-24T14:15:54.399289+01:00","extra":{}}
{"message":"SELECT COUNT(*) FROM `orderdetail`","context":{"context":"Database","part":"prepareAndFetchColumn","extra":null},"level":200,"level_name":"INFO","channel":"s623c69e3624e6","datetime":"2022-03-24T14:15:54.399773+01:00","extra":{}}
{"message":"SELECT COUNT(*) FROM `product`","context":{"context":"Database","part":"prepareAndFetchColumn","extra":null},"level":200,"level_name":"INFO","channel":"s623c69e3624e6","datetime":"2022-03-24T14:15:54.400245+01:00","extra":{}}
{"message":"SELECT COUNT(*) FROM `section`","context":{"context":"Database","part":"prepareAndFetchColumn","extra":null},"level":200,"level_name":"INFO","channel":"s623c69e3624e6","datetime":"2022-03-24T14:15:54.400827+01:00","extra":{}}
{"message":"SELECT COUNT(*) FROM `slot`","context":{"context":"Database","part":"prepareAndFetchColumn","extra":null},"level":200,"level_name":"INFO","channel":"s623c69e3624e6","datetime":"2022-03-24T14:15:54.401777+01:00","extra":{}}
{"message":"SELECT COUNT(*) FROM `timeslot`","context":{"context":"Database","part":"prepareAndFetchColumn","extra":null},"level":200,"level_name":"INFO","channel":"s623c69e3624e6","datetime":"2022-03-24T14:15:54.402665+01:00","extra":{}}
{"message":"SELECT COUNT(*) FROM `user`","context":{"context":"Database","part":"prepareAndFetchColumn","extra":null},"level":200,"level_name":"INFO","channel":"s623c69e3624e6","datetime":"2022-03-24T14:15:54.403729+01:00","extra":{}}
{"message":"Route found for /_default/ : {\"controller\":\"controllers\\\\IndexController\",\"action\":\"index\",\"mainParams\":null}","context":{"context":"Router","part":"getRouteUrlParts","extra":null},"level":200,"level_name":"INFO","channel":"s623c69e3624e6","datetime":"2022-03-24T14:15:54.824932+01:00","extra":{}}
{"message":"SELECT COUNT(*) FROM `basket`","context":{"context":"Database","part":"prepareAndFetchColumn","extra":null},"level":200,"level_name":"INFO","channel":"s623c69e3624e6","datetime":"2022-03-24T14:16:37.766712+01:00","extra":{}}
{"message":"SELECT COUNT(*) FROM `basketdetail`","context":{"context":"Database","part":"prepareAndFetchColumn","extra":null},"level":200,"level_name":"INFO","channel":"s623c69e3624e6","datetime":"2022-03-24T14:16:37.769602+01:00","extra":{}}
{"message":"SELECT COUNT(*) FROM `employee`","context":{"context":"Database","part":"prepareAndFetchColumn","extra":null},"level":200,"level_name":"INFO","channel":"s623c69e3624e6","datetime":"2022-03-24T14:16:37.770449+01:00","extra":{}}
{"message":"SELECT COUNT(*) FROM `order`","context":{"context":"Database","part":"prepareAndFetchColumn","extra":null},"level":200,"level_name":"INFO","channel":"s623c69e3624e6","datetime":"2022-03-24T14:16:37.771307+01:00","extra":{}}
{"message":"SELECT COUNT(*) FROM `orderdetail`","context":{"context":"Database","part":"prepareAndFetchColumn","extra":null},"level":200,"level_name":"INFO","channel":"s623c69e3624e6","datetime":"2022-03-24T14:16:37.772036+01:00","extra":{}}
{"message":"SELECT COUNT(*) FROM `product`","context":{"context":"Database","part":"prepareAndFetchColumn","extra":null},"level":200,"level_name":"INFO","channel":"s623c69e3624e6","datetime":"2022-03-24T14:16:37.773027+01:00","extra":{}}
{"message":"SELECT COUNT(*) FROM `section`","context":{"context":"Database","part":"prepareAndFetchColumn","extra":null},"level":200,"level_name":"INFO","channel":"s623c69e3624e6","datetime":"2022-03-24T14:16:37.773869+01:00","extra":{}}
{"message":"SELECT COUNT(*) FROM `slot`","context":{"context":"Database","part":"prepareAndFetchColumn","extra":null},"level":200,"level_name":"INFO","channel":"s623c69e3624e6","datetime":"2022-03-24T14:16:37.774662+01:00","extra":{}}
{"message":"SELECT COUNT(*) FROM `timeslot`","context":{"context":"Database","part":"prepareAndFetchColumn","extra":null},"level":200,"level_name":"INFO","channel":"s623c69e3624e6","datetime":"2022-03-24T14:16:37.775527+01:00","extra":{}}
{"message":"SELECT COUNT(*) FROM `user`","context":{"context":"Database","part":"prepareAndFetchColumn","extra":null},"level":200,"level_name":"INFO","channel":"s623c69e3624e6","datetime":"2022-03-24T14:16:37.776554+01:00","extra":{}}
{"message":"The controller `controllers\\_default` doesn't exist! <br/>","context":{"context":"Startup","part":"runAction","extra":null},"level":300,"level_name":"WARNING","channel":"s623c69e3624e6","datetime":"2022-03-24T14:16:38.179926+01:00","extra":{}}
{"message":"The controller `controllers\\_default` doesn't exist! <br/>","context":{"context":"Startup","part":"runAction","extra":null},"level":300,"level_name":"WARNING","channel":"s623c69e3624e6","datetime":"2022-03-24T14:16:43.570095+01:00","extra":{}}
{"message":"SELECT COUNT(*) FROM `basket`","context":{"context":"Database","part":"prepareAndFetchColumn","extra":null},"level":200,"level_name":"INFO","channel":"s623c69e3624e6","datetime":"2022-03-24T14:16:53.824222+01:00","extra":{}}
{"message":"SELECT COUNT(*) FROM `basketdetail`","context":{"context":"Database","part":"prepareAndFetchColumn","extra":null},"level":200,"level_name":"INFO","channel":"s623c69e3624e6","datetime":"2022-03-24T14:16:53.826367+01:00","extra":{}}
{"message":"SELECT COUNT(*) FROM `employee`","context":{"context":"Database","part":"prepareAndFetchColumn","extra":null},"level":200,"level_name":"INFO","channel":"s623c69e3624e6","datetime":"2022-03-24T14:16:53.826818+01:00","extra":{}}
{"message":"SELECT COUNT(*) FROM `order`","context":{"context":"Database","part":"prepareAndFetchColumn","extra":null},"level":200,"level_name":"INFO","channel":"s623c69e3624e6","datetime":"2022-03-24T14:16:53.827284+01:00","extra":{}}
{"message":"SELECT COUNT(*) FROM `orderdetail`","context":{"context":"Database","part":"prepareAndFetchColumn","extra":null},"level":200,"level_name":"INFO","channel":"s623c69e3624e6","datetime":"2022-03-24T14:16:53.827682+01:00","extra":{}}
{"message":"SELECT COUNT(*) FROM `product`","context":{"context":"Database","part":"prepareAndFetchColumn","extra":null},"level":200,"level_name":"INFO","channel":"s623c69e3624e6","datetime":"2022-03-24T14:16:53.828149+01:00","extra":{}}
{"message":"SELECT COUNT(*) FROM `section`","context":{"context":"Database","part":"prepareAndFetchColumn","extra":null},"level":200,"level_name":"INFO","channel":"s623c69e3624e6","datetime":"2022-03-24T14:16:53.828546+01:00","extra":{}}
{"message":"SELECT COUNT(*) FROM `slot`","context":{"context":"Database","part":"prepareAndFetchColumn","extra":null},"level":200,"level_name":"INFO","channel":"s623c69e3624e6","datetime":"2022-03-24T14:16:53.828988+01:00","extra":{}}
{"message":"SELECT COUNT(*) FROM `timeslot`","context":{"context":"Database","part":"prepareAndFetchColumn","extra":null},"level":200,"level_name":"INFO","channel":"s623c69e3624e6","datetime":"2022-03-24T14:16:53.829617+01:00","extra":{}}
{"message":"SELECT COUNT(*) FROM `user`","context":{"context":"Database","part":"prepareAndFetchColumn","extra":null},"level":200,"level_name":"INFO","channel":"s623c69e3624e6","datetime":"2022-03-24T14:16:53.830009+01:00","extra":{}}
{"message":"Route found for /_default/ : {\"controller\":\"controllers\\\\IndexController\",\"action\":\"index\",\"mainParams\":null}","context":{"context":"Router","part":"getRouteUrlParts","extra":null},"level":200,"level_name":"INFO","channel":"s623c69e3624e6","datetime":"2022-03-24T14:16:57.759011+01:00","extra":{}}
{"message":"The controller `controllers\\home` doesn't exist! <br/>","context":{"context":"Startup","part":"runAction","extra":null},"level":300,"level_name":"WARNING","channel":"s623c69e3624e6","datetime":"2022-03-24T14:17:06.758451+01:00","extra":{}}
{"message":"Route found for /_default/ : {\"controller\":\"controllers\\\\IndexController\",\"action\":\"index\",\"mainParams\":null}","context":{"context":"Router","part":"getRouteUrlParts","extra":null},"level":200,"level_name":"INFO","channel":"s623c69e3624e6","datetime":"2022-03-24T14:17:10.272013+01:00","extra":{}}
{"message":"SELECT COUNT(*) FROM `basket`","context":{"context":"Database","part":"prepareAndFetchColumn","extra":null},"level":200,"level_name":"INFO","channel":"s623c69e3624e6","datetime":"2022-03-24T14:17:41.296664+01:00","extra":{}}
{"message":"SELECT COUNT(*) FROM `basketdetail`","context":{"context":"Database","part":"prepareAndFetchColumn","extra":null},"level":200,"level_name":"INFO","channel":"s623c69e3624e6","datetime":"2022-03-24T14:17:41.298632+01:00","extra":{}}
{"message":"SELECT COUNT(*) FROM `employee`","context":{"context":"Database","part":"prepareAndFetchColumn","extra":null},"level":200,"level_name":"INFO","channel":"s623c69e3624e6","datetime":"2022-03-24T14:17:41.299184+01:00","extra":{}}
{"message":"SELECT COUNT(*) FROM `order`","context":{"context":"Database","part":"prepareAndFetchColumn","extra":null},"level":200,"level_name":"INFO","channel":"s623c69e3624e6","datetime":"2022-03-24T14:17:41.299742+01:00","extra":{}}
{"message":"SELECT COUNT(*) FROM `orderdetail`","context":{"context":"Database","part":"prepareAndFetchColumn","extra":null},"level":200,"level_name":"INFO","channel":"s623c69e3624e6","datetime":"2022-03-24T14:17:41.300268+01:00","extra":{}}
{"message":"SELECT COUNT(*) FROM `product`","context":{"context":"Database","part":"prepareAndFetchColumn","extra":null},"level":200,"level_name":"INFO","channel":"s623c69e3624e6","datetime":"2022-03-24T14:17:41.300928+01:00","extra":{}}
{"message":"SELECT COUNT(*) FROM `section`","context":{"context":"Database","part":"prepareAndFetchColumn","extra":null},"level":200,"level_name":"INFO","channel":"s623c69e3624e6","datetime":"2022-03-24T14:17:41.301557+01:00","extra":{}}
{"message":"SELECT COUNT(*) FROM `slot`","context":{"context":"Database","part":"prepareAndFetchColumn","extra":null},"level":200,"level_name":"INFO","channel":"s623c69e3624e6","datetime":"2022-03-24T14:17:41.302534+01:00","extra":{}}
{"message":"SELECT COUNT(*) FROM `timeslot`","context":{"context":"Database","part":"prepareAndFetchColumn","extra":null},"level":200,"level_name":"INFO","channel":"s623c69e3624e6","datetime":"2022-03-24T14:17:41.303264+01:00","extra":{}}
{"message":"SELECT COUNT(*) FROM `user`","context":{"context":"Database","part":"prepareAndFetchColumn","extra":null},"level":200,"level_name":"INFO","channel":"s623c69e3624e6","datetime":"2022-03-24T14:17:41.304033+01:00","extra":{}}
{"message":"Route found for /_default/ : {\"controller\":\"controllers\\\\StoreController\",\"action\":\"index\",\"mainParams\":null}","context":{"context":"Router","part":"getRouteUrlParts","extra":null},"level":200,"level_name":"INFO","channel":"s623c69e3624e6","datetime":"2022-03-24T14:17:41.702891+01:00","extra":{}}
